c:\data\projects\multiotp\multiotpcredentialproviderprivacyidea\cppclientcore\cppclientcore\win32\release\cppclientcore.pdb
c:\data\projects\multiotp\multiotpcredentialproviderprivacyidea\cppclientcore\cppclientcore\release\multiotpregistryreader.obj
c:\data\projects\multiotp\multiotpcredentialproviderprivacyidea\cppclientcore\cppclientcore\release\multiotpregistry.obj
c:\data\projects\multiotp\multiotpcredentialproviderprivacyidea\cppclientcore\cppclientcore\release\multiotphelpers.obj
c:\data\projects\multiotp\multiotpcredentialproviderprivacyidea\cppclientcore\cppclientcore\release\multiotp.obj
c:\data\projects\multiotp\multiotpcredentialproviderprivacyidea\cppclientcore\cppclientcore\release\guid.obj
c:\data\projects\multiotp\multiotpcredentialproviderprivacyidea\cppclientcore\cppclientcore\release\registryreader.obj
c:\data\projects\multiotp\multiotpcredentialproviderprivacyidea\cppclientcore\cppclientcore\release\privacyidea.obj
c:\data\projects\multiotp\multiotpcredentialproviderprivacyidea\cppclientcore\cppclientcore\release\offlinehandler.obj
c:\data\projects\multiotp\multiotpcredentialproviderprivacyidea\cppclientcore\cppclientcore\release\offlinedata.obj
c:\data\projects\multiotp\multiotpcredentialproviderprivacyidea\cppclientcore\cppclientcore\release\logger.obj
c:\data\projects\multiotp\multiotpcredentialproviderprivacyidea\cppclientcore\cppclientcore\release\endpoint.obj
c:\data\projects\multiotp\multiotpcredentialproviderprivacyidea\cppclientcore\cppclientcore\release\challenge.obj
c:\data\projects\multiotp\multiotpcredentialproviderprivacyidea\cppclientcore\cppclientcore\win32\release\cppclientcore.lib
c:\data\projects\multiotp\multiotpcredentialproviderprivacyidea\cppclientcore\cppclientcore\release\cppclientcore.tlog\cl.command.1.tlog
c:\data\projects\multiotp\multiotpcredentialproviderprivacyidea\cppclientcore\cppclientcore\release\cppclientcore.tlog\cl.read.1.tlog
c:\data\projects\multiotp\multiotpcredentialproviderprivacyidea\cppclientcore\cppclientcore\release\cppclientcore.tlog\cl.write.1.tlog
c:\data\projects\multiotp\multiotpcredentialproviderprivacyidea\cppclientcore\cppclientcore\release\cppclientcore.tlog\lib-link.read.1.tlog
c:\data\projects\multiotp\multiotpcredentialproviderprivacyidea\cppclientcore\cppclientcore\release\cppclientcore.tlog\lib-link.write.1.tlog
c:\data\projects\multiotp\multiotpcredentialproviderprivacyidea\cppclientcore\cppclientcore\release\cppclientcore.tlog\lib.command.1.tlog
