c:\data\projects\multiotp\multiotpcredentialproviderprivacyidea\cppclientcore\cppclientcore\debug\vc142.pdb
c:\data\projects\multiotp\multiotpcredentialproviderprivacyidea\cppclientcore\cppclientcore\debug\multiotpregistryreader.obj
c:\data\projects\multiotp\multiotpcredentialproviderprivacyidea\cppclientcore\cppclientcore\debug\multiotpregistry.obj
c:\data\projects\multiotp\multiotpcredentialproviderprivacyidea\cppclientcore\cppclientcore\debug\multiotphelpers.obj
c:\data\projects\multiotp\multiotpcredentialproviderprivacyidea\cppclientcore\cppclientcore\debug\multiotp.obj
c:\data\projects\multiotp\multiotpcredentialproviderprivacyidea\cppclientcore\cppclientcore\debug\guid.obj
c:\data\projects\multiotp\multiotpcredentialproviderprivacyidea\cppclientcore\cppclientcore\debug\registryreader.obj
c:\data\projects\multiotp\multiotpcredentialproviderprivacyidea\cppclientcore\cppclientcore\debug\privacyidea.obj
c:\data\projects\multiotp\multiotpcredentialproviderprivacyidea\cppclientcore\cppclientcore\debug\offlinehandler.obj
c:\data\projects\multiotp\multiotpcredentialproviderprivacyidea\cppclientcore\cppclientcore\debug\offlinedata.obj
c:\data\projects\multiotp\multiotpcredentialproviderprivacyidea\cppclientcore\cppclientcore\debug\logger.obj
c:\data\projects\multiotp\multiotpcredentialproviderprivacyidea\cppclientcore\cppclientcore\debug\endpoint.obj
c:\data\projects\multiotp\multiotpcredentialproviderprivacyidea\cppclientcore\cppclientcore\debug\challenge.obj
c:\data\projects\multiotp\multiotpcredentialproviderprivacyidea\debug\cppclientcore.pdb
c:\data\projects\multiotp\multiotpcredentialproviderprivacyidea\cppclientcore\cppclientcore\debug\cppclientcore.tlog\cl.command.1.tlog
c:\data\projects\multiotp\multiotpcredentialproviderprivacyidea\cppclientcore\cppclientcore\debug\cppclientcore.tlog\cl.read.1.tlog
c:\data\projects\multiotp\multiotpcredentialproviderprivacyidea\cppclientcore\cppclientcore\debug\cppclientcore.tlog\cl.write.1.tlog
c:\data\projects\multiotp\multiotpcredentialproviderprivacyidea\cppclientcore\cppclientcore\debug\cppclientcore.tlog\link-cvtres.read.1.tlog
c:\data\projects\multiotp\multiotpcredentialproviderprivacyidea\cppclientcore\cppclientcore\debug\cppclientcore.tlog\link-cvtres.write.1.tlog
c:\data\projects\multiotp\multiotpcredentialproviderprivacyidea\cppclientcore\cppclientcore\debug\cppclientcore.tlog\link-rc.read.1.tlog
c:\data\projects\multiotp\multiotpcredentialproviderprivacyidea\cppclientcore\cppclientcore\debug\cppclientcore.tlog\link-rc.write.1.tlog
c:\data\projects\multiotp\multiotpcredentialproviderprivacyidea\cppclientcore\cppclientcore\debug\cppclientcore.tlog\link.command.1.tlog
c:\data\projects\multiotp\multiotpcredentialproviderprivacyidea\cppclientcore\cppclientcore\debug\cppclientcore.tlog\link.read.1.tlog
c:\data\projects\multiotp\multiotpcredentialproviderprivacyidea\cppclientcore\cppclientcore\debug\cppclientcore.tlog\link.write.1.tlog
